[debug] > Exec(run, None, None)
[debug] Evaluating tasks: Compile / run
[debug] Running task... Cancel: Signal, check cycles: false, forcegc: true
[debug] Running task... Cancel: Signal, check cycles: false, forcegc: true
[info] compiling 6 Scala sources and 6 Java sources to C:\Users\luisf\Downloads\play-samples-play-java-jpa-example\play-samples-play-java-jpa-example\target\scala-2.13\classes ...
[error] ## Exception when compiling 12 sources to C:\Users\luisf\Downloads\play-samples-play-java-jpa-example\play-samples-play-java-jpa-example\target\scala-2.13\classes
[error] java.lang.IllegalArgumentException: invalid flag: -Djdk.lang.Process.allowAmbiguousCommands=true
[error] com.sun.tools.javac.api.JavacTool.processOptions(JavacTool.java:206)
[error] com.sun.tools.javac.api.JavacTool.getTask(JavacTool.java:156)
[error] com.sun.tools.javac.api.JavacTool.getTask(JavacTool.java:107)
[error] com.sun.tools.javac.api.JavacTool.getTask(JavacTool.java:64)
[error] sbt.internal.inc.javac.LocalJavaCompiler.run(LocalJava.scala:331)
[error] sbt.internal.inc.javac.AnalyzingJavaCompiler.$anonfun$compile$12(AnalyzingJavaCompiler.scala:167)
[error] scala.runtime.java8.JFunction0$mcV$sp.apply(JFunction0$mcV$sp.java:23)
[error] sbt.internal.inc.javac.AnalyzingJavaCompiler.timed(AnalyzingJavaCompiler.scala:251)
[error] sbt.internal.inc.javac.AnalyzingJavaCompiler.compile(AnalyzingJavaCompiler.scala:156)
[error] sbt.internal.inc.MixedAnalyzingCompiler.$anonfun$compileJava$1(MixedAnalyzingCompiler.scala:98)
[error] scala.runtime.java8.JFunction0$mcV$sp.apply(JFunction0$mcV$sp.java:23)
[error] sbt.internal.inc.MixedAnalyzingCompiler.timed(MixedAnalyzingCompiler.scala:241)
[error] sbt.internal.inc.MixedAnalyzingCompiler.compileJava(MixedAnalyzingCompiler.scala:61)
[error] sbt.internal.inc.MixedAnalyzingCompiler.compileJava0$1(MixedAnalyzingCompiler.scala:191)
[error] sbt.internal.inc.MixedAnalyzingCompiler.compile(MixedAnalyzingCompiler.scala:204)
[error] sbt.internal.inc.IncrementalCompilerImpl.$anonfun$compileInternal$1(IncrementalCompilerImpl.scala:528)
[error] sbt.internal.inc.IncrementalCompilerImpl.$anonfun$compileInternal$1$adapted(IncrementalCompilerImpl.scala:528)
[error] sbt.internal.inc.Incremental$.$anonfun$apply$5(Incremental.scala:174)
[error] sbt.internal.inc.Incremental$.$anonfun$apply$5$adapted(Incremental.scala:172)
[error] sbt.internal.inc.Incremental$$anon$2.run(Incremental.scala:457)
[error] sbt.internal.inc.IncrementalCommon$CycleState.next(IncrementalCommon.scala:116)
[error] sbt.internal.inc.IncrementalCommon$$anon$1.next(IncrementalCommon.scala:56)
[error] sbt.internal.inc.IncrementalCommon$$anon$1.next(IncrementalCommon.scala:52)
[error] sbt.internal.inc.IncrementalCommon.cycle(IncrementalCommon.scala:261)
[error] sbt.internal.inc.Incremental$.$anonfun$incrementalCompile$8(Incremental.scala:412)
[error] sbt.internal.inc.Incremental$.withClassfileManager(Incremental.scala:499)
[error] sbt.internal.inc.Incremental$.incrementalCompile(Incremental.scala:399)
[error] sbt.internal.inc.Incremental$.apply(Incremental.scala:166)
[error] sbt.internal.inc.IncrementalCompilerImpl.compileInternal(IncrementalCompilerImpl.scala:528)
[error] sbt.internal.inc.IncrementalCompilerImpl.$anonfun$compileIncrementally$1(IncrementalCompilerImpl.scala:482)
[error] sbt.internal.inc.IncrementalCompilerImpl.handleCompilationError(IncrementalCompilerImpl.scala:332)
[error] sbt.internal.inc.IncrementalCompilerImpl.compileIncrementally(IncrementalCompilerImpl.scala:420)
[error] sbt.internal.inc.IncrementalCompilerImpl.compile(IncrementalCompilerImpl.scala:137)
[error] sbt.Defaults$.compileIncrementalTaskImpl(Defaults.scala:2346)
[error] sbt.Defaults$.$anonfun$compileIncrementalTask$2(Defaults.scala:2303)
[error] sbt.internal.io.Retry$.apply(Retry.scala:46)
[error] sbt.internal.io.Retry$.apply(Retry.scala:28)
[error] sbt.internal.io.Retry$.apply(Retry.scala:23)
[error] sbt.internal.server.BspCompileTask$.compute(BspCompileTask.scala:31)
[error] sbt.Defaults$.$anonfun$compileIncrementalTask$1(Defaults.scala:2299)
[error] scala.Function1.$anonfun$compose$1(Function1.scala:49)
[error] sbt.internal.util.$tilde$greater.$anonfun$$u2219$1(TypeFunctions.scala:62)
[error] sbt.std.Transform$$anon$4.work(Transform.scala:68)
[error] sbt.Execute.$anonfun$submit$2(Execute.scala:282)
[error] sbt.internal.util.ErrorHandling$.wideConvert(ErrorHandling.scala:23)
[error] sbt.Execute.work(Execute.scala:291)
[error] sbt.Execute.$anonfun$submit$1(Execute.scala:282)
[error] sbt.ConcurrentRestrictions$$anon$4.$anonfun$submitValid$1(ConcurrentRestrictions.scala:265)
[error] sbt.CompletionService$$anon$2.call(CompletionService.scala:64)
[error] java.util.concurrent.FutureTask.run(FutureTask.java:266)
[error] java.util.concurrent.Executors$RunnableAdapter.call(Executors.java:511)
[error] java.util.concurrent.FutureTask.run(FutureTask.java:266)
[error] java.util.concurrent.ThreadPoolExecutor.runWorker(ThreadPoolExecutor.java:1149)
[error] java.util.concurrent.ThreadPoolExecutor$Worker.run(ThreadPoolExecutor.java:624)
[error] java.lang.Thread.run(Thread.java:748)
[error]            
[error] java.lang.IllegalArgumentException: invalid flag: -Djdk.lang.Process.allowAmbiguousCommands=true
[error] 	at com.sun.tools.javac.api.JavacTool.processOptions(JavacTool.java:206)
[error] 	at com.sun.tools.javac.api.JavacTool.getTask(JavacTool.java:156)
[error] 	at com.sun.tools.javac.api.JavacTool.getTask(JavacTool.java:107)
[error] 	at com.sun.tools.javac.api.JavacTool.getTask(JavacTool.java:64)
[error] 	at sbt.internal.inc.javac.LocalJavaCompiler.run(LocalJava.scala:331)
[error] 	at sbt.internal.inc.javac.AnalyzingJavaCompiler.$anonfun$compile$12(AnalyzingJavaCompiler.scala:167)
[error] 	at scala.runtime.java8.JFunction0$mcV$sp.apply(JFunction0$mcV$sp.java:23)
[error] 	at sbt.internal.inc.javac.AnalyzingJavaCompiler.timed(AnalyzingJavaCompiler.scala:251)
[error] 	at sbt.internal.inc.javac.AnalyzingJavaCompiler.compile(AnalyzingJavaCompiler.scala:156)
[error] 	at sbt.internal.inc.MixedAnalyzingCompiler.$anonfun$compileJava$1(MixedAnalyzingCompiler.scala:98)
[error] 	at scala.runtime.java8.JFunction0$mcV$sp.apply(JFunction0$mcV$sp.java:23)
[error] 	at sbt.internal.inc.MixedAnalyzingCompiler.timed(MixedAnalyzingCompiler.scala:241)
[error] 	at sbt.internal.inc.MixedAnalyzingCompiler.compileJava(MixedAnalyzingCompiler.scala:61)
[error] 	at sbt.internal.inc.MixedAnalyzingCompiler.compileJava0$1(MixedAnalyzingCompiler.scala:191)
[error] 	at sbt.internal.inc.MixedAnalyzingCompiler.compile(MixedAnalyzingCompiler.scala:204)
[error] 	at sbt.internal.inc.IncrementalCompilerImpl.$anonfun$compileInternal$1(IncrementalCompilerImpl.scala:528)
[error] 	at sbt.internal.inc.IncrementalCompilerImpl.$anonfun$compileInternal$1$adapted(IncrementalCompilerImpl.scala:528)
[error] 	at sbt.internal.inc.Incremental$.$anonfun$apply$5(Incremental.scala:174)
[error] 	at sbt.internal.inc.Incremental$.$anonfun$apply$5$adapted(Incremental.scala:172)
[error] 	at sbt.internal.inc.Incremental$$anon$2.run(Incremental.scala:457)
[error] 	at sbt.internal.inc.IncrementalCommon$CycleState.next(IncrementalCommon.scala:116)
[error] 	at sbt.internal.inc.IncrementalCommon$$anon$1.next(IncrementalCommon.scala:56)
[error] 	at sbt.internal.inc.IncrementalCommon$$anon$1.next(IncrementalCommon.scala:52)
[error] 	at sbt.internal.inc.IncrementalCommon.cycle(IncrementalCommon.scala:261)
[error] 	at sbt.internal.inc.Incremental$.$anonfun$incrementalCompile$8(Incremental.scala:412)
[error] 	at sbt.internal.inc.Incremental$.withClassfileManager(Incremental.scala:499)
[error] 	at sbt.internal.inc.Incremental$.incrementalCompile(Incremental.scala:399)
[error] 	at sbt.internal.inc.Incremental$.apply(Incremental.scala:166)
[error] 	at sbt.internal.inc.IncrementalCompilerImpl.compileInternal(IncrementalCompilerImpl.scala:528)
[error] 	at sbt.internal.inc.IncrementalCompilerImpl.$anonfun$compileIncrementally$1(IncrementalCompilerImpl.scala:482)
[error] 	at sbt.internal.inc.IncrementalCompilerImpl.handleCompilationError(IncrementalCompilerImpl.scala:332)
[error] 	at sbt.internal.inc.IncrementalCompilerImpl.compileIncrementally(IncrementalCompilerImpl.scala:420)
[error] 	at sbt.internal.inc.IncrementalCompilerImpl.compile(IncrementalCompilerImpl.scala:137)
[error] 	at sbt.Defaults$.compileIncrementalTaskImpl(Defaults.scala:2346)
[error] 	at sbt.Defaults$.$anonfun$compileIncrementalTask$2(Defaults.scala:2303)
[error] 	at sbt.internal.io.Retry$.apply(Retry.scala:46)
[error] 	at sbt.internal.io.Retry$.apply(Retry.scala:28)
[error] 	at sbt.internal.io.Retry$.apply(Retry.scala:23)
[error] 	at sbt.internal.server.BspCompileTask$.compute(BspCompileTask.scala:31)
[error] 	at sbt.Defaults$.$anonfun$compileIncrementalTask$1(Defaults.scala:2299)
[error] 	at scala.Function1.$anonfun$compose$1(Function1.scala:49)
[error] 	at sbt.internal.util.$tilde$greater.$anonfun$$u2219$1(TypeFunctions.scala:62)
[error] 	at sbt.std.Transform$$anon$4.work(Transform.scala:68)
[error] 	at sbt.Execute.$anonfun$submit$2(Execute.scala:282)
[error] 	at sbt.internal.util.ErrorHandling$.wideConvert(ErrorHandling.scala:23)
[error] 	at sbt.Execute.work(Execute.scala:291)
[error] 	at sbt.Execute.$anonfun$submit$1(Execute.scala:282)
[error] 	at sbt.ConcurrentRestrictions$$anon$4.$anonfun$submitValid$1(ConcurrentRestrictions.scala:265)
[error] 	at sbt.CompletionService$$anon$2.call(CompletionService.scala:64)
[error] 	at java.util.concurrent.FutureTask.run(FutureTask.java:266)
[error] 	at java.util.concurrent.Executors$RunnableAdapter.call(Executors.java:511)
[error] 	at java.util.concurrent.FutureTask.run(FutureTask.java:266)
[error] 	at java.util.concurrent.ThreadPoolExecutor.runWorker(ThreadPoolExecutor.java:1149)
[error] 	at java.util.concurrent.ThreadPoolExecutor$Worker.run(ThreadPoolExecutor.java:624)
[error] 	at java.lang.Thread.run(Thread.java:748)
[error] (Compile / compileIncremental) java.lang.IllegalArgumentException: invalid flag: -Djdk.lang.Process.allowAmbiguousCommands=true
[debug] Running task... Cancel: Signal, check cycles: false, forcegc: true
[success] Total time: 23 s, completed Nov 5, 2021 3:26:21 PM
[debug] > Exec(idea-shell, None, None)
